<?xml version="1.0" encoding="UTF-8"?>
<!-- Generated by org.testng.reporters.JUnitReportReporter -->
<testsuite hostname="DESKTOP-HIN4ESK" failures="0" tests="1" name="Brokenimage.brokenimage" time="4.226" errors="0" timestamp="2024-08-24T10:49:35 IST" skipped="0">
  <testcase classname="Brokenimage.brokenimage" name="brokenimage" time="4.226"/>
</testsuite> <!-- Brokenimage.brokenimage -->
